mode: set
github.com/nurcholisnanda/golang-assignment/internal/service/service.go:23.57,27.2 1 1
github.com/nurcholisnanda/golang-assignment/internal/service/service.go:30.95,32.16 2 1
github.com/nurcholisnanda/golang-assignment/internal/service/service.go:32.16,35.3 2 1
github.com/nurcholisnanda/golang-assignment/internal/service/service.go:36.2,40.8 1 1
github.com/nurcholisnanda/golang-assignment/internal/api/handler.go:21.56,25.2 1 1
github.com/nurcholisnanda/golang-assignment/internal/api/handler.go:28.48,42.52 3 1
github.com/nurcholisnanda/golang-assignment/internal/api/handler.go:42.52,44.3 1 1
github.com/nurcholisnanda/golang-assignment/internal/api/handler.go:45.2,45.48 1 1
github.com/nurcholisnanda/golang-assignment/internal/api/handler.go:45.48,47.3 1 1
github.com/nurcholisnanda/golang-assignment/internal/api/handler.go:48.2,48.50 1 1
github.com/nurcholisnanda/golang-assignment/internal/api/handler.go:48.50,50.17 2 1
github.com/nurcholisnanda/golang-assignment/internal/api/handler.go:50.17,56.4 2 1
github.com/nurcholisnanda/golang-assignment/internal/api/handler.go:57.3,57.22 1 1
github.com/nurcholisnanda/golang-assignment/internal/api/handler.go:59.2,59.50 1 1
github.com/nurcholisnanda/golang-assignment/internal/api/handler.go:59.50,61.17 2 1
github.com/nurcholisnanda/golang-assignment/internal/api/handler.go:61.17,67.4 2 1
github.com/nurcholisnanda/golang-assignment/internal/api/handler.go:68.3,68.22 1 1
github.com/nurcholisnanda/golang-assignment/internal/api/handler.go:72.2,73.16 2 1
github.com/nurcholisnanda/golang-assignment/internal/api/handler.go:73.16,78.49 3 1
github.com/nurcholisnanda/golang-assignment/internal/api/handler.go:78.49,81.4 2 1
github.com/nurcholisnanda/golang-assignment/internal/api/handler.go:81.9,84.4 2 1
github.com/nurcholisnanda/golang-assignment/internal/api/handler.go:87.3,91.9 2 1
github.com/nurcholisnanda/golang-assignment/internal/api/handler.go:95.2,95.30 1 1
github.com/nurcholisnanda/golang-assignment/internal/api/router.go:11.44,21.2 4 1
github.com/nurcholisnanda/golang-assignment/internal/repository/repository.go:22.47,26.2 1 1
github.com/nurcholisnanda/golang-assignment/internal/repository/repository.go:29.87,46.117 3 1
github.com/nurcholisnanda/golang-assignment/internal/repository/repository.go:46.117,48.3 1 1
github.com/nurcholisnanda/golang-assignment/internal/repository/repository.go:50.2,50.21 1 1
